Using pre-set license
Built from '2020.3/staging' branch; Version is '2020.3.35f1 (18e4db7a9996) revision 1631451'; Using compiler version '192528614'; Build Type 'Release'
OS: 'Windows 10  (10.0.19044) 64bit Professional' Language: 'en' Physical Memory: 32720 MB
BatchMode: 1, IsHumanControllingUs: 0, StartBugReporterOnCrash: 0, Is64bit: 1, IsPro: 0

COMMAND LINE ARGUMENTS:
C:\Program Files\Unity\Hub\Editor\2020.3.35f1\Editor\Unity.exe
-adb2
-batchMode
-noUpm
-name
AssetImportWorker0
-projectPath
C:/Users/WindowsCTM/Desktop/MyRework
-logFile
Logs/AssetImportWorker0.log
-srvPort
64539
Successfully changed project path to: C:/Users/WindowsCTM/Desktop/MyRework
C:/Users/WindowsCTM/Desktop/MyRework
Using Asset Import Pipeline V2.
Refreshing native plugins compatible for Editor in 51.80 ms, found 2 plugins.
Preloading 0 native plugins for Editor in 0.00 ms.
Initialize engine version: 2020.3.35f1 (18e4db7a9996)
[Subsystems] Discovering subsystems at path C:/Program Files/Unity/Hub/Editor/2020.3.35f1/Editor/Data/Resources/UnitySubsystems
[Subsystems] Discovering subsystems at path C:/Users/WindowsCTM/Desktop/MyRework/Assets
GfxDevice: creating device client; threaded=0
Direct3D:
    Version:  Direct3D 11.0 [level 11.1]
    Renderer: NVIDIA GeForce GTX 1070 (ID=0x1b81)
    Vendor:   
    VRAM:     8088 MB
    Driver:   30.0.15.1215
Initialize mono
Mono path[0] = 'C:/Program Files/Unity/Hub/Editor/2020.3.35f1/Editor/Data/Managed'
Mono path[1] = 'C:/Program Files/Unity/Hub/Editor/2020.3.35f1/Editor/Data/MonoBleedingEdge/lib/mono/unityjit'
Mono config path = 'C:/Program Files/Unity/Hub/Editor/2020.3.35f1/Editor/Data/MonoBleedingEdge/etc'
Using monoOptions --debugger-agent=transport=dt_socket,embedding=1,server=y,suspend=n,address=127.0.0.1:56944
Begin MonoManager ReloadAssembly
Registering precompiled unity dll's ...
Register platform support module: C:/Program Files/Unity/Hub/Editor/2020.3.35f1/Editor/Data/PlaybackEngines/WebGLSupport/UnityEditor.WebGL.Extensions.dll
Register platform support module: C:/Program Files/Unity/Hub/Editor/2020.3.35f1/Editor/Data/PlaybackEngines/WindowsStandaloneSupport/UnityEditor.WindowsStandalone.Extensions.dll
Registered in 0.002372 seconds.
Native extension for WindowsStandalone target not found
Native extension for WebGL target not found
Refreshing native plugins compatible for Editor in 101.83 ms, found 2 plugins.
Preloading 0 native plugins for Editor in 0.00 ms.
Mono: successfully reloaded assembly
- Completed reload, in  0.746 seconds
Domain Reload Profiling:
	ReloadAssembly (746ms)
		BeginReloadAssembly (101ms)
			ExecutionOrderSort (0ms)
			DisableScriptedObjects (0ms)
			BackupInstance (0ms)
			ReleaseScriptingObjects (0ms)
			CreateAndSetChildDomain (1ms)
		EndReloadAssembly (566ms)
			LoadAssemblies (99ms)
			RebuildTransferFunctionScriptingTraits (0ms)
			SetupTypeCache (158ms)
			ReleaseScriptCaches (0ms)
			RebuildScriptCaches (35ms)
			SetupLoadedEditorAssemblies (265ms)
				LogAssemblyErrors (0ms)
				InitializePlatformSupportModulesInManaged (6ms)
				SetLoadedEditorAssemblies (0ms)
				RefreshPlugins (102ms)
				BeforeProcessingInitializeOnLoad (16ms)
				ProcessInitializeOnLoadAttributes (110ms)
				ProcessInitializeOnLoadMethodAttributes (30ms)
				AfterProcessingInitializeOnLoad (0ms)
				EditorAssembliesLoaded (0ms)
			ExecutionOrderSort2 (0ms)
			AwakeInstancesAfterBackupRestoration (0ms)
Platform modules already initialized, skipping
Registering precompiled user dll's ...
Registered in 0.003103 seconds.
Begin MonoManager ReloadAssembly
Native extension for WindowsStandalone target not found
Native extension for WebGL target not found
Refreshing native plugins compatible for Editor in 56.21 ms, found 2 plugins.
Preloading 0 native plugins for Editor in 0.00 ms.
Mono: successfully reloaded assembly
- Completed reload, in  1.328 seconds
Domain Reload Profiling:
	ReloadAssembly (1329ms)
		BeginReloadAssembly (145ms)
			ExecutionOrderSort (0ms)
			DisableScriptedObjects (4ms)
			BackupInstance (0ms)
			ReleaseScriptingObjects (0ms)
			CreateAndSetChildDomain (18ms)
		EndReloadAssembly (1127ms)
			LoadAssemblies (90ms)
			RebuildTransferFunctionScriptingTraits (0ms)
			SetupTypeCache (290ms)
			ReleaseScriptCaches (0ms)
			RebuildScriptCaches (52ms)
			SetupLoadedEditorAssemblies (587ms)
				LogAssemblyErrors (0ms)
				InitializePlatformSupportModulesInManaged (5ms)
				SetLoadedEditorAssemblies (0ms)
				RefreshPlugins (56ms)
				BeforeProcessingInitializeOnLoad (111ms)
				ProcessInitializeOnLoadAttributes (393ms)
				ProcessInitializeOnLoadMethodAttributes (16ms)
				AfterProcessingInitializeOnLoad (5ms)
				EditorAssembliesLoaded (0ms)
			ExecutionOrderSort2 (0ms)
			AwakeInstancesAfterBackupRestoration (2ms)
Platform modules already initialized, skipping
========================================================================
Worker process is ready to serve import requests
Launched and connected shader compiler UnityShaderCompiler.exe after 0.04 seconds
Refreshing native plugins compatible for Editor in 0.51 ms, found 2 plugins.
Preloading 0 native plugins for Editor in 0.00 ms.
Unloading 2698 Unused Serialized files (Serialized files now loaded: 0)
System memory in use before: 124.3 MB.
System memory in use after: 124.4 MB.

Unloading 126 unused Assets to reduce memory usage. Loaded Objects now: 3139.
Total: 3.572100 ms (FindLiveObjects: 0.215200 ms CreateObjectMapping: 0.212600 ms MarkObjects: 2.984100 ms  DeleteObjects: 0.159600 ms)

AssetImportParameters requested are different than current active one (requested -> active):
  custom:framework-win-MediaFoundation: 216162199b28c13a410421893ffa2e32 -> 
  custom:video-decoder-ogg-theora: a1e56fd34408186e4bbccfd4996cb3dc -> 
  custom:container-muxer-webm: aa71ff27fc2769a1b78a27578f13a17b -> 
  custom:container-demuxer-webm: 4f35f7cbe854078d1ac9338744f61a02 -> 
  custom:container-demuxer-ogg: 62fdf1f143b41e24485cea50d1cbac27 -> 
  custom:video-encoder-webm-vp8: eb34c28f22e8b96e1ab97ce403110664 -> 
  custom:video-decoder-webm-vp8: 9c59270c3fd7afecdb556c50c9e8de78 -> 
  custom:audio-decoder-ogg-vorbis: bf7c407c2cedff20999df2af8eb42d56 -> 
  custom:audio-encoder-webm-vorbis: bf7c407c2cedff20999df2af8eb42d56 -> 
========================================================================
Received Import Request.
  path: Assets/Input System/InputActions.inputactions
  artifactKey: Guid(39823a17f710d5e4e9d8baf873dc0f32) Importer(815301076,1909f56bfc062723c751e8b465ee728b)
Start importing Assets/Input System/InputActions.inputactions using Guid(39823a17f710d5e4e9d8baf873dc0f32) Importer(815301076,1909f56bfc062723c751e8b465ee728b)  -> (artifact id: '046905e6bc0d11d08fb659dd841f2fa7') in 0.030222 seconds 
========================================================================
Received Import Request.
  Time since last request: 205.250310 seconds.
  path: Assets/Input System/InputActions.inputactions
  artifactKey: Guid(39823a17f710d5e4e9d8baf873dc0f32) Importer(815301076,1909f56bfc062723c751e8b465ee728b)
Start importing Assets/Input System/InputActions.inputactions using Guid(39823a17f710d5e4e9d8baf873dc0f32) Importer(815301076,1909f56bfc062723c751e8b465ee728b)  -> (artifact id: 'a8e1a1e91fbcf52ebd4d801b24dfdad6') in 0.009186 seconds 
========================================================================
Received Import Request.
  Time since last request: 460.586406 seconds.
  path: Assets/InputSystem.inputsettings.asset
  artifactKey: Guid(5164f70d72e5fba4d85e1ec161f8d131) Importer(815301076,1909f56bfc062723c751e8b465ee728b)
Start importing Assets/InputSystem.inputsettings.asset using Guid(5164f70d72e5fba4d85e1ec161f8d131) Importer(815301076,1909f56bfc062723c751e8b465ee728b)  -> (artifact id: 'be6436ab73fe488fa8b00190ef04e37c') in 0.007269 seconds 
========================================================================
Received Import Request.
  Time since last request: 8.957872 seconds.
  path: Assets/InputSystem.inputsettings.asset
  artifactKey: Guid(5164f70d72e5fba4d85e1ec161f8d131) Importer(815301076,1909f56bfc062723c751e8b465ee728b)
Start importing Assets/InputSystem.inputsettings.asset using Guid(5164f70d72e5fba4d85e1ec161f8d131) Importer(815301076,1909f56bfc062723c751e8b465ee728b)  -> (artifact id: '9f92e7d1ae240a9534e15b4a074dfe32') in 0.004304 seconds 
========================================================================
Received Import Request.
  Time since last request: 773.706461 seconds.
  path: Assets/Input System/Input.cs
  artifactKey: Guid(d798601aee59cb84cb81f35284edc958) Importer(815301076,1909f56bfc062723c751e8b465ee728b)
Start importing Assets/Input System/Input.cs using Guid(d798601aee59cb84cb81f35284edc958) Importer(815301076,1909f56bfc062723c751e8b465ee728b)  -> (artifact id: '258654c3770d25d601eba5be979bb966') in 0.007921 seconds 
========================================================================
Received Import Request.
  Time since last request: 633.332272 seconds.
  path: Assets/Input System/Input.cs
  artifactKey: Guid(d798601aee59cb84cb81f35284edc958) Importer(815301076,1909f56bfc062723c751e8b465ee728b)
Start importing Assets/Input System/Input.cs using Guid(d798601aee59cb84cb81f35284edc958) Importer(815301076,1909f56bfc062723c751e8b465ee728b)  -> (artifact id: '675e8fa4d9ee8d62a8f09c35100e9aa0') in 0.003762 seconds 
========================================================================
Received Import Request.
  Time since last request: 2142.560123 seconds.
  path: Assets/Input System/InputActions.inputactions
  artifactKey: Guid(39823a17f710d5e4e9d8baf873dc0f32) Importer(815301076,1909f56bfc062723c751e8b465ee728b)
Start importing Assets/Input System/InputActions.inputactions using Guid(39823a17f710d5e4e9d8baf873dc0f32) Importer(815301076,1909f56bfc062723c751e8b465ee728b)  -> (artifact id: 'e2d870e8758591cfa7bb75c3d47db6b8') in 0.005090 seconds 
========================================================================
Received Import Request.
  Time since last request: 255.265529 seconds.
  path: Assets/Input System/InputScript.cs
  artifactKey: Guid(92506235a45c79d4c917c9ca383886a3) Importer(815301076,1909f56bfc062723c751e8b465ee728b)
Start importing Assets/Input System/InputScript.cs using Guid(92506235a45c79d4c917c9ca383886a3) Importer(815301076,1909f56bfc062723c751e8b465ee728b)  -> (artifact id: '14c36fc4b5643d58ec30ab92e53f4844') in 0.004143 seconds 
========================================================================
Received Import Request.
  Time since last request: 419.479631 seconds.
  path: Assets/Input System/InputActions.inputactions
  artifactKey: Guid(39823a17f710d5e4e9d8baf873dc0f32) Importer(815301076,1909f56bfc062723c751e8b465ee728b)
Start importing Assets/Input System/InputActions.inputactions using Guid(39823a17f710d5e4e9d8baf873dc0f32) Importer(815301076,1909f56bfc062723c751e8b465ee728b)  -> (artifact id: '971454dfe71372799f847347b3eb05d3') in 0.004698 seconds 
========================================================================
Received Import Request.
  Time since last request: 77.939165 seconds.
  path: Assets/Input System/InputActions.inputactions
  artifactKey: Guid(39823a17f710d5e4e9d8baf873dc0f32) Importer(815301076,1909f56bfc062723c751e8b465ee728b)
Start importing Assets/Input System/InputActions.inputactions using Guid(39823a17f710d5e4e9d8baf873dc0f32) Importer(815301076,1909f56bfc062723c751e8b465ee728b)  -> (artifact id: '8bedb3b4c6d18d704eb243370d91cab9') in 0.004799 seconds 
========================================================================
Received Import Request.
  Time since last request: 13.913492 seconds.
  path: Assets/Input System/InputActions.cs
  artifactKey: Guid(13465bab0c7bf5048b6ae9fb90695feb) Importer(815301076,1909f56bfc062723c751e8b465ee728b)
Start importing Assets/Input System/InputActions.cs using Guid(13465bab0c7bf5048b6ae9fb90695feb) Importer(815301076,1909f56bfc062723c751e8b465ee728b)  -> (artifact id: 'e71c30b246b32d6196e5d16a335c032b') in 0.002835 seconds 
========================================================================
Received Import Request.
  Time since last request: 29.383819 seconds.
  path: Assets/Input System/InputActions.inputactions
  artifactKey: Guid(39823a17f710d5e4e9d8baf873dc0f32) Importer(815301076,1909f56bfc062723c751e8b465ee728b)
Start importing Assets/Input System/InputActions.inputactions using Guid(39823a17f710d5e4e9d8baf873dc0f32) Importer(815301076,1909f56bfc062723c751e8b465ee728b)  -> (artifact id: 'c708182106e5dad723c3a333ae31b08b') in 0.004392 seconds 
========================================================================
Received Import Request.
  Time since last request: 9.012184 seconds.
  path: Assets/Scripts/InputActions.cs
  artifactKey: Guid(31e0a8306a3fe5645b387e7a13aba5ac) Importer(815301076,1909f56bfc062723c751e8b465ee728b)
Start importing Assets/Scripts/InputActions.cs using Guid(31e0a8306a3fe5645b387e7a13aba5ac) Importer(815301076,1909f56bfc062723c751e8b465ee728b)  -> (artifact id: 'ffaf912f926bac6b953f7fb761574690') in 0.003020 seconds 
========================================================================
Received Import Request.
  Time since last request: 4731.745840 seconds.
  path: Assets/Input System/Input.cs
  artifactKey: Guid(d798601aee59cb84cb81f35284edc958) Importer(815301076,1909f56bfc062723c751e8b465ee728b)
Start importing Assets/Input System/Input.cs using Guid(d798601aee59cb84cb81f35284edc958) Importer(815301076,1909f56bfc062723c751e8b465ee728b)  -> (artifact id: '0653605953495eac78730ebea9fda889') in 0.004359 seconds 
========================================================================
Received Prepare
Registering precompiled user dll's ...
Registered in 0.002913 seconds.
Begin MonoManager ReloadAssembly
Native extension for WindowsStandalone target not found
Native extension for WebGL target not found
Refreshing native plugins compatible for Editor in 0.50 ms, found 2 plugins.
Preloading 0 native plugins for Editor in 0.00 ms.
Warning: Annotation not found!
UnityEngine.StackTraceUtility:ExtractStackTrace ()
UnityEditor.ProBuilder.EditorUtility:SetGizmoIconEnabled (System.Type,bool) (at Library/PackageCache/com.unity.probuilder@4.5.0/Editor/EditorCore/EditorUtility.cs:593)
UnityEditor.ProBuilder.HierarchyListener:.cctor () (at Library/PackageCache/com.unity.probuilder@4.5.0/Editor/EditorCore/HierarchyListener.cs:21)
System.Runtime.CompilerServices.RuntimeHelpers:RunClassConstructor (System.RuntimeTypeHandle)
UnityEditor.EditorAssemblies:ProcessInitializeOnLoadAttributes (System.Type[])

[Library/PackageCache/com.unity.probuilder@4.5.0/Editor/EditorCore/EditorUtility.cs line 593]

Mono: successfully reloaded assembly
- Completed reload, in  1.008 seconds
Domain Reload Profiling:
	ReloadAssembly (1008ms)
		BeginReloadAssembly (124ms)
			ExecutionOrderSort (0ms)
			DisableScriptedObjects (5ms)
			BackupInstance (0ms)
			ReleaseScriptingObjects (0ms)
			CreateAndSetChildDomain (33ms)
		EndReloadAssembly (831ms)
			LoadAssemblies (93ms)
			RebuildTransferFunctionScriptingTraits (0ms)
			SetupTypeCache (286ms)
			ReleaseScriptCaches (1ms)
			RebuildScriptCaches (39ms)
			SetupLoadedEditorAssemblies (335ms)
				LogAssemblyErrors (0ms)
				InitializePlatformSupportModulesInManaged (5ms)
				SetLoadedEditorAssemblies (0ms)
				RefreshPlugins (1ms)
				BeforeProcessingInitializeOnLoad (83ms)
				ProcessInitializeOnLoadAttributes (226ms)
				ProcessInitializeOnLoadMethodAttributes (14ms)
				AfterProcessingInitializeOnLoad (6ms)
				EditorAssembliesLoaded (0ms)
			ExecutionOrderSort2 (0ms)
			AwakeInstancesAfterBackupRestoration (2ms)
Platform modules already initialized, skipping
Refreshing native plugins compatible for Editor in 0.54 ms, found 2 plugins.
Preloading 0 native plugins for Editor in 0.00 ms.
Unloading 2611 Unused Serialized files (Serialized files now loaded: 0)
System memory in use before: 116.9 MB.
System memory in use after: 117.1 MB.

Unloading 14 unused Assets to reduce memory usage. Loaded Objects now: 3143.
Total: 3.177800 ms (FindLiveObjects: 0.180800 ms CreateObjectMapping: 0.096000 ms MarkObjects: 2.834200 ms  DeleteObjects: 0.066200 ms)

AssetImportParameters requested are different than current active one (requested -> active):
  custom:framework-win-MediaFoundation: 216162199b28c13a410421893ffa2e32 -> 
  custom:video-decoder-ogg-theora: a1e56fd34408186e4bbccfd4996cb3dc -> 
  custom:container-muxer-webm: aa71ff27fc2769a1b78a27578f13a17b -> 
  custom:container-demuxer-webm: 4f35f7cbe854078d1ac9338744f61a02 -> 
  custom:container-demuxer-ogg: 62fdf1f143b41e24485cea50d1cbac27 -> 
  custom:video-encoder-webm-vp8: eb34c28f22e8b96e1ab97ce403110664 -> 
  custom:video-decoder-webm-vp8: 9c59270c3fd7afecdb556c50c9e8de78 -> 
  custom:audio-decoder-ogg-vorbis: bf7c407c2cedff20999df2af8eb42d56 -> 
  custom:audio-encoder-webm-vorbis: bf7c407c2cedff20999df2af8eb42d56 -> 
========================================================================
Received Prepare
Registering precompiled user dll's ...
Registered in 0.002991 seconds.
Begin MonoManager ReloadAssembly
Native extension for WindowsStandalone target not found
Native extension for WebGL target not found
Refreshing native plugins compatible for Editor in 0.60 ms, found 2 plugins.
Preloading 0 native plugins for Editor in 0.00 ms.
Warning: Annotation not found!
UnityEngine.StackTraceUtility:ExtractStackTrace ()
UnityEditor.ProBuilder.EditorUtility:SetGizmoIconEnabled (System.Type,bool) (at Library/PackageCache/com.unity.probuilder@4.5.0/Editor/EditorCore/EditorUtility.cs:593)
UnityEditor.ProBuilder.HierarchyListener:.cctor () (at Library/PackageCache/com.unity.probuilder@4.5.0/Editor/EditorCore/HierarchyListener.cs:21)
System.Runtime.CompilerServices.RuntimeHelpers:RunClassConstructor (System.RuntimeTypeHandle)
UnityEditor.EditorAssemblies:ProcessInitializeOnLoadAttributes (System.Type[])

[Library/PackageCache/com.unity.probuilder@4.5.0/Editor/EditorCore/EditorUtility.cs line 593]

Mono: successfully reloaded assembly
- Completed reload, in  1.095 seconds
Domain Reload Profiling:
	ReloadAssembly (1095ms)
		BeginReloadAssembly (113ms)
			ExecutionOrderSort (0ms)
			DisableScriptedObjects (5ms)
			BackupInstance (0ms)
			ReleaseScriptingObjects (0ms)
			CreateAndSetChildDomain (31ms)
		EndReloadAssembly (928ms)
			LoadAssemblies (92ms)
			RebuildTransferFunctionScriptingTraits (0ms)
			SetupTypeCache (301ms)
			ReleaseScriptCaches (1ms)
			RebuildScriptCaches (53ms)
			SetupLoadedEditorAssemblies (347ms)
				LogAssemblyErrors (0ms)
				InitializePlatformSupportModulesInManaged (6ms)
				SetLoadedEditorAssemblies (1ms)
				RefreshPlugins (1ms)
				BeforeProcessingInitializeOnLoad (100ms)
				ProcessInitializeOnLoadAttributes (221ms)
				ProcessInitializeOnLoadMethodAttributes (12ms)
				AfterProcessingInitializeOnLoad (5ms)
				EditorAssembliesLoaded (0ms)
			ExecutionOrderSort2 (0ms)
			AwakeInstancesAfterBackupRestoration (2ms)
Platform modules already initialized, skipping
Refreshing native plugins compatible for Editor in 0.49 ms, found 2 plugins.
Preloading 0 native plugins for Editor in 0.00 ms.
Unloading 2611 Unused Serialized files (Serialized files now loaded: 0)
System memory in use before: 117.0 MB.
System memory in use after: 117.1 MB.

Unloading 14 unused Assets to reduce memory usage. Loaded Objects now: 3146.
Total: 3.335300 ms (FindLiveObjects: 0.191800 ms CreateObjectMapping: 0.122200 ms MarkObjects: 2.954300 ms  DeleteObjects: 0.066500 ms)

AssetImportParameters requested are different than current active one (requested -> active):
  custom:framework-win-MediaFoundation: 216162199b28c13a410421893ffa2e32 -> 
  custom:video-decoder-ogg-theora: a1e56fd34408186e4bbccfd4996cb3dc -> 
  custom:container-muxer-webm: aa71ff27fc2769a1b78a27578f13a17b -> 
  custom:container-demuxer-webm: 4f35f7cbe854078d1ac9338744f61a02 -> 
  custom:container-demuxer-ogg: 62fdf1f143b41e24485cea50d1cbac27 -> 
  custom:video-encoder-webm-vp8: eb34c28f22e8b96e1ab97ce403110664 -> 
  custom:video-decoder-webm-vp8: 9c59270c3fd7afecdb556c50c9e8de78 -> 
  custom:audio-decoder-ogg-vorbis: bf7c407c2cedff20999df2af8eb42d56 -> 
  custom:audio-encoder-webm-vorbis: bf7c407c2cedff20999df2af8eb42d56 -> 
========================================================================
Received Prepare
Registering precompiled user dll's ...
Registered in 0.003010 seconds.
Begin MonoManager ReloadAssembly
Native extension for WindowsStandalone target not found
Native extension for WebGL target not found
Refreshing native plugins compatible for Editor in 0.51 ms, found 2 plugins.
Preloading 0 native plugins for Editor in 0.00 ms.
Warning: Annotation not found!
UnityEngine.StackTraceUtility:ExtractStackTrace ()
UnityEditor.ProBuilder.EditorUtility:SetGizmoIconEnabled (System.Type,bool) (at Library/PackageCache/com.unity.probuilder@4.5.0/Editor/EditorCore/EditorUtility.cs:593)
UnityEditor.ProBuilder.HierarchyListener:.cctor () (at Library/PackageCache/com.unity.probuilder@4.5.0/Editor/EditorCore/HierarchyListener.cs:21)
System.Runtime.CompilerServices.RuntimeHelpers:RunClassConstructor (System.RuntimeTypeHandle)
UnityEditor.EditorAssemblies:ProcessInitializeOnLoadAttributes (System.Type[])

[Library/PackageCache/com.unity.probuilder@4.5.0/Editor/EditorCore/EditorUtility.cs line 593]

Mono: successfully reloaded assembly
- Completed reload, in  1.083 seconds
Domain Reload Profiling:
	ReloadAssembly (1084ms)
		BeginReloadAssembly (113ms)
			ExecutionOrderSort (0ms)
			DisableScriptedObjects (5ms)
			BackupInstance (0ms)
			ReleaseScriptingObjects (0ms)
			CreateAndSetChildDomain (31ms)
		EndReloadAssembly (916ms)
			LoadAssemblies (93ms)
			RebuildTransferFunctionScriptingTraits (0ms)
			SetupTypeCache (345ms)
			ReleaseScriptCaches (1ms)
			RebuildScriptCaches (46ms)
			SetupLoadedEditorAssemblies (338ms)
				LogAssemblyErrors (0ms)
				InitializePlatformSupportModulesInManaged (4ms)
				SetLoadedEditorAssemblies (0ms)
				RefreshPlugins (1ms)
				BeforeProcessingInitializeOnLoad (85ms)
				ProcessInitializeOnLoadAttributes (230ms)
				ProcessInitializeOnLoadMethodAttributes (12ms)
				AfterProcessingInitializeOnLoad (5ms)
				EditorAssembliesLoaded (0ms)
			ExecutionOrderSort2 (0ms)
			AwakeInstancesAfterBackupRestoration (2ms)
Platform modules already initialized, skipping
Refreshing native plugins compatible for Editor in 0.73 ms, found 2 plugins.
Preloading 0 native plugins for Editor in 0.00 ms.
Unloading 2611 Unused Serialized files (Serialized files now loaded: 0)
System memory in use before: 117.0 MB.
System memory in use after: 117.2 MB.

Unloading 14 unused Assets to reduce memory usage. Loaded Objects now: 3149.
Total: 3.328900 ms (FindLiveObjects: 0.202500 ms CreateObjectMapping: 0.089500 ms MarkObjects: 2.972000 ms  DeleteObjects: 0.064200 ms)

AssetImportParameters requested are different than current active one (requested -> active):
  custom:framework-win-MediaFoundation: 216162199b28c13a410421893ffa2e32 -> 
  custom:video-decoder-ogg-theora: a1e56fd34408186e4bbccfd4996cb3dc -> 
  custom:container-muxer-webm: aa71ff27fc2769a1b78a27578f13a17b -> 
  custom:container-demuxer-webm: 4f35f7cbe854078d1ac9338744f61a02 -> 
  custom:container-demuxer-ogg: 62fdf1f143b41e24485cea50d1cbac27 -> 
  custom:video-encoder-webm-vp8: eb34c28f22e8b96e1ab97ce403110664 -> 
  custom:video-decoder-webm-vp8: 9c59270c3fd7afecdb556c50c9e8de78 -> 
  custom:audio-decoder-ogg-vorbis: bf7c407c2cedff20999df2af8eb42d56 -> 
  custom:audio-encoder-webm-vorbis: bf7c407c2cedff20999df2af8eb42d56 -> 
========================================================================
Received Prepare
Registering precompiled user dll's ...
Registered in 0.003951 seconds.
Begin MonoManager ReloadAssembly
Native extension for WindowsStandalone target not found
Native extension for WebGL target not found
Refreshing native plugins compatible for Editor in 0.50 ms, found 2 plugins.
Preloading 0 native plugins for Editor in 0.00 ms.
Warning: Annotation not found!
UnityEngine.StackTraceUtility:ExtractStackTrace ()
UnityEditor.ProBuilder.EditorUtility:SetGizmoIconEnabled (System.Type,bool) (at Library/PackageCache/com.unity.probuilder@4.5.0/Editor/EditorCore/EditorUtility.cs:593)
UnityEditor.ProBuilder.HierarchyListener:.cctor () (at Library/PackageCache/com.unity.probuilder@4.5.0/Editor/EditorCore/HierarchyListener.cs:21)
System.Runtime.CompilerServices.RuntimeHelpers:RunClassConstructor (System.RuntimeTypeHandle)
UnityEditor.EditorAssemblies:ProcessInitializeOnLoadAttributes (System.Type[])

[Library/PackageCache/com.unity.probuilder@4.5.0/Editor/EditorCore/EditorUtility.cs line 593]

Mono: successfully reloaded assembly
- Completed reload, in  0.981 seconds
Domain Reload Profiling:
	ReloadAssembly (981ms)
		BeginReloadAssembly (111ms)
			ExecutionOrderSort (0ms)
			DisableScriptedObjects (5ms)
			BackupInstance (0ms)
			ReleaseScriptingObjects (0ms)
			CreateAndSetChildDomain (30ms)
		EndReloadAssembly (817ms)
			LoadAssemblies (93ms)
			RebuildTransferFunctionScriptingTraits (0ms)
			SetupTypeCache (267ms)
			ReleaseScriptCaches (1ms)
			RebuildScriptCaches (37ms)
			SetupLoadedEditorAssemblies (341ms)
				LogAssemblyErrors (0ms)
				InitializePlatformSupportModulesInManaged (4ms)
				SetLoadedEditorAssemblies (0ms)
				RefreshPlugins (1ms)
				BeforeProcessingInitializeOnLoad (81ms)
				ProcessInitializeOnLoadAttributes (237ms)
				ProcessInitializeOnLoadMethodAttributes (13ms)
				AfterProcessingInitializeOnLoad (6ms)
				EditorAssembliesLoaded (0ms)
			ExecutionOrderSort2 (0ms)
			AwakeInstancesAfterBackupRestoration (2ms)
Platform modules already initialized, skipping
Refreshing native plugins compatible for Editor in 0.51 ms, found 2 plugins.
Preloading 0 native plugins for Editor in 0.00 ms.
Unloading 2611 Unused Serialized files (Serialized files now loaded: 0)
System memory in use before: 117.0 MB.
System memory in use after: 117.2 MB.

Unloading 14 unused Assets to reduce memory usage. Loaded Objects now: 3152.
Total: 3.189800 ms (FindLiveObjects: 0.217000 ms CreateObjectMapping: 0.121100 ms MarkObjects: 2.790900 ms  DeleteObjects: 0.060200 ms)

AssetImportParameters requested are different than current active one (requested -> active):
  custom:framework-win-MediaFoundation: 216162199b28c13a410421893ffa2e32 -> 
  custom:video-decoder-ogg-theora: a1e56fd34408186e4bbccfd4996cb3dc -> 
  custom:container-muxer-webm: aa71ff27fc2769a1b78a27578f13a17b -> 
  custom:container-demuxer-webm: 4f35f7cbe854078d1ac9338744f61a02 -> 
  custom:container-demuxer-ogg: 62fdf1f143b41e24485cea50d1cbac27 -> 
  custom:video-encoder-webm-vp8: eb34c28f22e8b96e1ab97ce403110664 -> 
  custom:video-decoder-webm-vp8: 9c59270c3fd7afecdb556c50c9e8de78 -> 
  custom:audio-decoder-ogg-vorbis: bf7c407c2cedff20999df2af8eb42d56 -> 
  custom:audio-encoder-webm-vorbis: bf7c407c2cedff20999df2af8eb42d56 -> 
========================================================================
Received Prepare
Registering precompiled user dll's ...
Registered in 0.004102 seconds.
Begin MonoManager ReloadAssembly
Native extension for WindowsStandalone target not found
Native extension for WebGL target not found
Refreshing native plugins compatible for Editor in 0.50 ms, found 2 plugins.
Preloading 0 native plugins for Editor in 0.00 ms.
Warning: Annotation not found!
UnityEngine.StackTraceUtility:ExtractStackTrace ()
UnityEditor.ProBuilder.EditorUtility:SetGizmoIconEnabled (System.Type,bool) (at Library/PackageCache/com.unity.probuilder@4.5.0/Editor/EditorCore/EditorUtility.cs:593)
UnityEditor.ProBuilder.HierarchyListener:.cctor () (at Library/PackageCache/com.unity.probuilder@4.5.0/Editor/EditorCore/HierarchyListener.cs:21)
System.Runtime.CompilerServices.RuntimeHelpers:RunClassConstructor (System.RuntimeTypeHandle)
UnityEditor.EditorAssemblies:ProcessInitializeOnLoadAttributes (System.Type[])

[Library/PackageCache/com.unity.probuilder@4.5.0/Editor/EditorCore/EditorUtility.cs line 593]

Mono: successfully reloaded assembly
- Completed reload, in  1.001 seconds
Domain Reload Profiling:
	ReloadAssembly (1001ms)
		BeginReloadAssembly (138ms)
			ExecutionOrderSort (0ms)
			DisableScriptedObjects (8ms)
			BackupInstance (0ms)
			ReleaseScriptingObjects (0ms)
			CreateAndSetChildDomain (40ms)
		EndReloadAssembly (808ms)
			LoadAssemblies (101ms)
			RebuildTransferFunctionScriptingTraits (0ms)
			SetupTypeCache (280ms)
			ReleaseScriptCaches (1ms)
			RebuildScriptCaches (40ms)
			SetupLoadedEditorAssemblies (316ms)
				LogAssemblyErrors (0ms)
				InitializePlatformSupportModulesInManaged (4ms)
				SetLoadedEditorAssemblies (0ms)
				RefreshPlugins (1ms)
				BeforeProcessingInitializeOnLoad (80ms)
				ProcessInitializeOnLoadAttributes (212ms)
				ProcessInitializeOnLoadMethodAttributes (13ms)
				AfterProcessingInitializeOnLoad (6ms)
				EditorAssembliesLoaded (0ms)
			ExecutionOrderSort2 (0ms)
			AwakeInstancesAfterBackupRestoration (2ms)
Platform modules already initialized, skipping
Refreshing native plugins compatible for Editor in 0.51 ms, found 2 plugins.
Preloading 0 native plugins for Editor in 0.00 ms.
Unloading 2611 Unused Serialized files (Serialized files now loaded: 0)
System memory in use before: 117.0 MB.
System memory in use after: 117.2 MB.

Unloading 14 unused Assets to reduce memory usage. Loaded Objects now: 3155.
Total: 3.124500 ms (FindLiveObjects: 0.193800 ms CreateObjectMapping: 0.111600 ms MarkObjects: 2.755700 ms  DeleteObjects: 0.062600 ms)

AssetImportParameters requested are different than current active one (requested -> active):
  custom:framework-win-MediaFoundation: 216162199b28c13a410421893ffa2e32 -> 
  custom:video-decoder-ogg-theora: a1e56fd34408186e4bbccfd4996cb3dc -> 
  custom:container-muxer-webm: aa71ff27fc2769a1b78a27578f13a17b -> 
  custom:container-demuxer-webm: 4f35f7cbe854078d1ac9338744f61a02 -> 
  custom:container-demuxer-ogg: 62fdf1f143b41e24485cea50d1cbac27 -> 
  custom:video-encoder-webm-vp8: eb34c28f22e8b96e1ab97ce403110664 -> 
  custom:video-decoder-webm-vp8: 9c59270c3fd7afecdb556c50c9e8de78 -> 
  custom:audio-decoder-ogg-vorbis: bf7c407c2cedff20999df2af8eb42d56 -> 
  custom:audio-encoder-webm-vorbis: bf7c407c2cedff20999df2af8eb42d56 -> 
========================================================================
Received Prepare
Trying to reload asset but can't find object on disk
Trying to reload asset but can't find object on disk
Trying to reload asset but can't find object on disk
Trying to reload asset but can't find object on disk
Trying to reload asset but can't find object on disk
Trying to reload asset but can't find object on disk
Trying to reload asset but can't find object on disk
Trying to reload asset but can't find object on disk
Trying to reload asset but can't find object on disk
Trying to reload asset but can't find object on disk
Trying to reload asset but can't find object on disk
Trying to reload asset but can't find object on disk
Trying to reload asset but can't find object on disk
Trying to reload asset but can't find object on disk
Trying to reload asset but can't find object on disk
Trying to reload asset but can't find object on disk
Trying to reload asset but can't find object on disk
Trying to reload asset but can't find object on disk
Registering precompiled user dll's ...
Registered in 0.002839 seconds.
Begin MonoManager ReloadAssembly
Native extension for WindowsStandalone target not found
Native extension for WebGL target not found
Refreshing native plugins compatible for Editor in 29.88 ms, found 2 plugins.
Preloading 0 native plugins for Editor in 0.00 ms.
Mono: successfully reloaded assembly
- Completed reload, in  0.891 seconds
Domain Reload Profiling:
	ReloadAssembly (892ms)
		BeginReloadAssembly (114ms)
			ExecutionOrderSort (0ms)
			DisableScriptedObjects (5ms)
			BackupInstance (0ms)
			ReleaseScriptingObjects (0ms)
			CreateAndSetChildDomain (32ms)
		EndReloadAssembly (722ms)
			LoadAssemblies (84ms)
			RebuildTransferFunctionScriptingTraits (0ms)
			SetupTypeCache (234ms)
			ReleaseScriptCaches (1ms)
			RebuildScriptCaches (32ms)
			SetupLoadedEditorAssemblies (275ms)
				LogAssemblyErrors (0ms)
				InitializePlatformSupportModulesInManaged (4ms)
				SetLoadedEditorAssemblies (0ms)
				RefreshPlugins (30ms)
				BeforeProcessingInitializeOnLoad (68ms)
				ProcessInitializeOnLoadAttributes (156ms)
				ProcessInitializeOnLoadMethodAttributes (11ms)
				AfterProcessingInitializeOnLoad (5ms)
				EditorAssembliesLoaded (0ms)
			ExecutionOrderSort2 (0ms)
			AwakeInstancesAfterBackupRestoration (2ms)
Platform modules already initialized, skipping
Refreshing native plugins compatible for Editor in 0.33 ms, found 2 plugins.
Preloading 0 native plugins for Editor in 0.00 ms.
Unloading 1518 Unused Serialized files (Serialized files now loaded: 0)
System memory in use before: 94.1 MB.
System memory in use after: 94.3 MB.

Unloading 668 unused Assets to reduce memory usage. Loaded Objects now: 2500.
Total: 2.826200 ms (FindLiveObjects: 0.189900 ms CreateObjectMapping: 0.071600 ms MarkObjects: 2.363500 ms  DeleteObjects: 0.200700 ms)

AssetImportParameters requested are different than current active one (requested -> active):
  custom:framework-win-MediaFoundation: 216162199b28c13a410421893ffa2e32 -> 
  custom:video-decoder-ogg-theora: a1e56fd34408186e4bbccfd4996cb3dc -> 
  custom:container-muxer-webm: aa71ff27fc2769a1b78a27578f13a17b -> 
  custom:container-demuxer-webm: 4f35f7cbe854078d1ac9338744f61a02 -> 
  custom:container-demuxer-ogg: 62fdf1f143b41e24485cea50d1cbac27 -> 
  custom:video-encoder-webm-vp8: eb34c28f22e8b96e1ab97ce403110664 -> 
  custom:video-decoder-webm-vp8: 9c59270c3fd7afecdb556c50c9e8de78 -> 
  custom:audio-decoder-ogg-vorbis: bf7c407c2cedff20999df2af8eb42d56 -> 
  custom:audio-encoder-webm-vorbis: bf7c407c2cedff20999df2af8eb42d56 -> 
